<?xml version="1.0" encoding="UTF-8"?>
<!-- Generated by org.testng.reporters.JUnitXMLReporter -->
<testsuite ignored="1" hostname="Anamika_Kumari" failures="1" tests="7" name="Car Loan" time="0.057" errors="0" timestamp="2023-10-14T23:20:32 IST">
  <testcase classname="ToolsQA.day1" name="laptop" time="0.002"/>
  <testcase classname="ToolsQA.day1" name="TestCheck" time="0.001"/>
  <testcase classname="ToolsQA.day1" name="checkDependency" time="0.002"/>
  <testcase classname="ToolsQA.day3" name="APILogin" time="0.001"/>
  <testcase classname="ToolsQA.day3" name="CarAPILogin" time="0.0"/>
  <testcase classname="ToolsQA.day3" name="CarLoginMobile" time="0.001"/>
  <testcase classname="ToolsQA.day3" name="CarLoginWeb" time="0.014">
    <failure type="java.lang.AssertionError" message="expected [true] but found [false]">
      <![CDATA[java.lang.AssertionError: expected [true] but found [false]
at ToolsQA.day3.CarLoginWeb(day3.java:13)
at java.base/java.util.ArrayList.forEach(ArrayList.java:1511)
... Removed 31 stack frames]]>
    </failure>
  </testcase> <!-- CarLoginWeb -->
  <testcase classname="ToolsQA.day1" name="check" time="0.0">
    <ignored/>
  </testcase> <!-- check -->
</testsuite> <!-- Car Loan -->
