<?xml version="1.0" encoding="UTF-8"?>
<!-- Generated by org.testng.reporters.JUnitXMLReporter -->
<testsuite ignored="0" hostname="Anamika_Kumari" failures="1" tests="4" name="Regression" time="0.102" errors="0" timestamp="2023-10-14T23:20:32 IST">
  <testcase classname="ToolsQA.day4" name="WebloginCarLoan" time="0.0">
    <failure type="org.testng.TestNGException" message="
Parameter &amp;apos;URL&amp;apos; is required by @Test on method WebloginCarLoan but has not been marked @Optional or defined
in C:\Users\anami\OneDrive\Documents\Selenium_Intro\testng.xml">
      <![CDATA[org.testng.TestNGException: 
Parameter 'URL' is required by @Test on method WebloginCarLoan but has not been marked @Optional or defined
in C:\Users\anami\OneDrive\Documents\Selenium_Intro\testng.xml
at java.base/java.util.ArrayList.forEach(ArrayList.java:1511)
... Removed 26 stack frames]]>
    </failure>
  </testcase> <!-- WebloginCarLoan -->
  <testcase classname="ToolsQA.day4" name="signoutTest" time="0.003"/>
  <testcase classname="ToolsQA.day4" name="signoutTest" time="0.001"/>
  <testcase classname="ToolsQA.day4" name="signoutTest" time="0.002"/>
</testsuite> <!-- Regression -->
